<?xml version="1.0" encoding="UTF-8"?>
<testsuite name="loginJunit.LoginJunit" tests="1" skipped="0" failures="0" errors="0" timestamp="2021-07-05T23:52:16" hostname="COB3-0014" time="0.963">
  <properties/>
  <testcase name="testSuccessFullLogin()" classname="loginJunit.LoginJunit" time="0.963"/>
  <system-out><![CDATA[]]></system-out>
  <system-err><![CDATA[Starting ChromeDriver 90.0.4430.24 (4c6d850f087da467d926e8eddb76550aed655991-refs/branch-heads/4430@{#429}) on port 45732
Only local connections are allowed.
Please see https://chromedriver.chromium.org/security-considerations for suggestions on keeping ChromeDriver safe.
ChromeDriver was started successfully.
[1625529134.684][WARNING]: This version of ChromeDriver has not been tested with Chrome version 91.
Jul 05, 2021 6:52:14 PM org.openqa.selenium.remote.ProtocolHandshake createSession
INFO: Detected dialect: W3C
]]></system-err>
</testsuite>
